     1 00000000                                 ; naskfunc
     2 00000000                                 ; TAB=4
     3 00000000                                 
     4 00000000                                 [FORMAT "WCOFF"]				; 制作目?文件的模式	
     5 00000000                                 [INSTRSET "i486p"]				; 告???器程序是基于intel486?写，
     6 00000000                                 [BITS 32]						; 告???器程序是32位模式
     7 00000000                                 [FILE "naskfunc.nas"]			; 程序源文件名称
     8 00000000                                 
     9 00000000                                 		GLOBAL	_io_hlt,_write_mem8	;声明全局函数名称
    10 00000000                                 
    11                                          [SECTION .text]					;函数内容段。[SECTION .data]表示数据内容段	
    12 00000000                                  
    13 00000000                                 _io_hlt:	; void io_hlt(void);
    14 00000000 F4                              		HLT
    15 00000001 C3                              		RET
    16 00000002                                 
    17 00000002                                 _write_mem8:	; void write_mem8(int addr, int data);
    18 00000002 8B 4C 24 04                     		MOV		ECX,[ESP+4]		; [ESP+4]里的?是addr;ESP是?指?寄存器
    19 00000006 8A 44 24 08                     		MOV		AL,[ESP+8]		; [ESP+8]里的?是data
    20 0000000A 88 01                           		MOV		[ECX],AL
    21 0000000C C3                              		RET
