     1 00000000                                 ;hello-os
     2 00000000                                 ;TAB=4
     3 00000000                                 
     4  = 0000000A                              CYLS	EQU		10				; 定义常量CYLS=10
     5 00000000                                 
     6                                          		ORG		0x7c00			;bios会默认把启动程序装载到这个地址，这是条伪指令，告诉汇编器程序会从内存地址的这个位置执行，后续编译时以这个地址为参照这条指令下，$代表要读入的内存地址（本来表示到现在这一行字节数），也就是加了0x7c00						
     7 00007C00                                 
     8 00007C00                                 ;标准FAT12格式软盘专用代码
     9 00007C00                                 
    10 00007C00 EB 4E                           		JMP		entry
    11 00007C02 90                              		DB		0x90
    12 00007C03 48 45 4C 4C 4F 49 50 4C         		DB		"HELLOIPL"		;启动扇区的名字，可以是任意字符（必须8字节）
    13 00007C0B 0200                            		DW		512				;每个扇区大小（必须为512字节）
    14 00007C0D 01                              		DB		1				;簇的大小（必须为1个扇区）
    15 00007C0E 0001                            		DW		1				;FAT的起始位置（一般从第1个扇区开始）
    16 00007C10 02                              		DB		2				;FAT的个数（必须为2）
    17 00007C11 00E0                            		DW		224				;根目录的大小（一般设置成224项）
    18 00007C13 0B40                            		DW		2880			;该磁盘的大小（必须是2880扇区）
    19 00007C15 F0                              		DB		0xf0			;磁盘的种类（必须是0xf0）
    20 00007C16 0009                            		DW		9				;FAT的长度（必须是9扇区）
    21 00007C18 0012                            		DW		18				;1个磁道有几个扇区（必须是18）
    22 00007C1A 0002                            		DW		2				;磁头数（必须是2）
    23 00007C1C 00000000                        		DD		0				;是否使用分区（0表示否，必须是0）
    24 00007C20 00000B40                        		DD		2880			;重写一次磁盘大小
    25 00007C24 00 00 29                        		DB		0,0,0x29		;这三个字节意义不明，必须如此
    26 00007C27 FFFFFFFF                        		DD		0xffffffff		;可能是卷标号码
    27 00007C2B 48 45 4C 4C 4F 2D 4F 53 20 20   		DB		"HELLO-OS   "	;磁盘名称（11字节任意字符）
       00007C35 20 
    28 00007C36 46 41 54 31 32 20 20 20         		DB		"FAT12   "		;磁盘格式名称（8字节）
    29 00007C3E 00 00 00 00 00 00 00 00 00 00   		RESB	18				;空出18字节（这18个字节会用0填充）					
       00007C48 00 00 00 00 00 00 00 00 
    30 00007C50                                 	
    31 00007C50                                 ;程序主体
    32 00007C50                                 
    33 00007C50                                 entry:
    34 00007C50 B8 0000                         		MOV		AX,0			;初始化寄存器
    35 00007C53 8E D0                           		MOV		SS,AX			;栈段寄存器
    36 00007C55 BC 7C00                         		MOV		SP,0x7c00		;栈指针寄存器
    37 00007C58 8E D8                           		MOV		DS,AX			;数据段寄存器
    38 00007C5A                                 
    39 00007C5A                                 ;读磁盘
    40 00007C5A                                 
    41 00007C5A B8 0820                         		MOV		AX,0x0820
    42 00007C5D 8E C0                           		MOV		ES,AX
    43 00007C5F B5 00                           		MOV		CH,0			; 柱面0
    44 00007C61 B6 00                           		MOV		DH,0			; 磁头0
    45 00007C63 B1 02                           		MOV		CL,2			; 扇区2,第一个扇区也就是本程序所在扇区是被BIOS直接读入并执行的
    46 00007C65                                 readloop:
    47 00007C65 BE 0000                         		MOV		SI,0			; 记录失败次数的寄存器
    48 00007C68                                 retry:
    49 00007C68 B4 02                           		MOV		AH,0x02			; AH=0x02 : 读入磁盘
    50 00007C6A B0 01                           		MOV		AL,1			; 1个扇区
    51 00007C6C BB 0000                         		MOV		BX,0			; ES*16+BX 缓冲区地址
    52 00007C6F B2 00                           		MOV		DL,0x00			; A驱动器
    53 00007C71 CD 13                           		INT		0x13			; BIOS
    54 00007C73 73 33                           		JNC		fin				; 没出错，跳转
    55 00007C75 83 C6 01                        		ADD		SI,1			; 往SI加1
    56 00007C78 83 FE 05                        		CMP		SI,5			; 比较SI与5
    57 00007C7B 73 2E                           		JAE		error			; SI >= 5 跳到error
    58 00007C7D B4 00                           		MOV		AH,0x00			; AH=0x00 : 0x13重置驱动器	
    59 00007C7F B2 00                           		MOV		DL,0x00			; A驱动器
    60 00007C81 CD 13                           		INT		0x13			; 重置驱动器
    61 00007C83 EB E3                           		JMP		retry
    62 00007C85                                 next:
    63 00007C85 8C C0                           		MOV		AX,ES
    64 00007C87 05 0020                         		ADD		AX,0x0020
    65 00007C8A 8E C0                           		MOV		ES,AX			;通过AX将ES加上0x0020,就是把数据缓存地址往后移512字节
    66 00007C8C 80 C1 01                        		ADD		CL,1			;往CL里加1
    67 00007C8F 80 F9 12                        		CMP		CL,18			;比较CL与18
    68 00007C92 76 D1                           		JBE		readloop		;读18个柱面
    69 00007C94 B1 01                           		MOV		CL,1			
    70 00007C96 80 C6 01                        		ADD 	DH,1
    71 00007C99 80 FE 02                        		CMP		DH,2
    72 00007C9C 72 C7                           		JB		readloop		;读反面
    73 00007C9E B6 00                           		MOV		DH,0
    74 00007CA0 80 C5 01                        		ADD		CH,1
    75 00007CA3 80 FD 0A                        		CMP		CH,CYLS
    76 00007CA6 72 BD                           		JB		readloop		;读10个柱面
    77 00007CA8                                 
    78 00007CA8                                 ;cpu睡眠
    79 00007CA8                                 	
    80 00007CA8                                 fin:
    81 00007CA8 F4                              		HLT						; 让CPU停止，等待指令
    82 00007CA9 EB FD                           		JMP		fin				; 无限循环
    83 00007CAB                                 		
    84 00007CAB                                 error:
    85 00007CAB BE 7CC0                         		MOV		SI,msg		
    86 00007CAE                                 putloop:
    87 00007CAE 8A 04                           		MOV		AL,[SI]			;要显示的文字
    88 00007CB0 83 C6 01                        		ADD		SI,1			; SI里的值自增
    89 00007CB3 3C 00                           		CMP		AL,0
    90 00007CB5 74 F1                           		JE		fin
    91 00007CB7 B4 0E                           		MOV		AH,0x0e			; INT 0x10显示文字设置
    92 00007CB9 BB 000F                         		MOV		BX,15			; 指定字符颜色（0-255）
    93 00007CBC CD 10                           		INT		0x10			; 调用显卡BIOS
    94 00007CBE EB EE                           		JMP		putloop
    95 00007CC0                                 msg:
    96 00007CC0 0A 0A                           		DB		0x0a, 0x0a		; 2个换行
    97 00007CC2 68 65 6C 6C 6F 2C 20 77 6F 72   		DB		"hello, world"
       00007CCC 6C 64 
    98 00007CCE 0A                              		DB		0x0a			; 换行
    99 00007CCF 00                              		DB		0
   100 00007CD0                                 		
   101 00007CD0 00 00 00 00 00 00 00 00 00 00   		RESB	0x7dfe-$		; 补0到0x7dfe
       00007CDA 00 00 00 00 00 00 00 00 00 00 
       00007CE4 00 00 00 00 00 00 00 00 00 00 
       00007CEE 00 00 00 00 00 00 00 00 00 00 
       00007CF8 00 00 00 00 00 00 00 00 00 00 
       00007D02 00 00 00 00 00 00 00 00 00 00 
       00007D0C 00 00 00 00 00 00 00 00 00 00 
       00007D16 00 00 00 00 00 00 00 00 00 00 
       00007D20 00 00 00 00 00 00 00 00 00 00 
       00007D2A 00 00 00 00 00 00 00 00 00 00 
       00007D34 00 00 00 00 00 00 00 00 00 00 
       00007D3E 00 00 00 00 00 00 00 00 00 00 
       00007D48 00 00 00 00 00 00 00 00 00 00 
       00007D52 00 00 00 00 00 00 00 00 00 00 
       00007D5C 00 00 00 00 00 00 00 00 00 00 
       00007D66 00 00 00 00 00 00 00 00 00 00 
       00007D70 00 00 00 00 00 00 00 00 00 00 
       00007D7A 00 00 00 00 00 00 00 00 00 00 
       00007D84 00 00 00 00 00 00 00 00 00 00 
       00007D8E 00 00 00 00 00 00 00 00 00 00 
       00007D98 00 00 00 00 00 00 00 00 00 00 
       00007DA2 00 00 00 00 00 00 00 00 00 00 
       00007DAC 00 00 00 00 00 00 00 00 00 00 
       00007DB6 00 00 00 00 00 00 00 00 00 00 
       00007DC0 00 00 00 00 00 00 00 00 00 00 
       00007DCA 00 00 00 00 00 00 00 00 00 00 
       00007DD4 00 00 00 00 00 00 00 00 00 00 
       00007DDE 00 00 00 00 00 00 00 00 00 00 
       00007DE8 00 00 00 00 00 00 00 00 00 00 
       00007DF2 00 00 00 00 00 00 00 00 00 00 
       00007DFC 00 00 
   102 00007DFE                                 
   103 00007DFE 55 AA                           		DB		0x55, 0xaa		;启动扇区结尾标志
   104 00007E00                                 		