     1 00000000                                 ; naskfunc
     2 00000000                                 ; TAB=4
     3 00000000                                 
     4 00000000                                 [FORMAT "WCOFF"]				; 制作目标文件的模式
     5 00000000                                 [INSTRSET "i486p"]				; 表示要使用486的命令	
     6 00000000                                 [BITS 32]						; 制作32位模式的机器语言
     7 00000000                                 
     8 00000000                                 
     9 00000000                                 ; 制作目标文件的信息
    10 00000000                                 
    11 00000000                                 [FILE "naskfunc.nas"]			; 源文件名信息
    12 00000000                                 
    13 00000000                                 		GLOBAL	_io_hlt,_write_mem8			; 程序中包含的函数名
    14 00000000                                 
    15 00000000                                 
    16 00000000                                 ; 以下是实际的函数
    17 00000000                                 
    18                                          [SECTION .text]		; 函数部分开始
    19 00000000                                 
    20 00000000                                 _io_hlt:	; void io_hlt(void)
    21 00000000 F4                              		HLT
    22 00000001 C3                              		RET
