     1 00000000                                 ;hello-os
     2 00000000                                 ;TAB=4
     3 00000000                                 
     4                                          		ORG		0x7c00			;bios会默认把启动程序装载到这个地址，这是条伪指令，告诉汇编器程序会从内存地址的这个位置执行，后续编译时以这个地址为参照这条指令下，$代表要读入的内存地址（本来表示到现在这一行字节数），也就是加了0x7c00						
     5 00007C00                                 
     6 00007C00                                 ;标准FAT12格式软盘专用代码
     7 00007C00                                 
     8 00007C00 EB 4E                           		JMP		entry
     9 00007C02 90                              		DB		0x90
    10 00007C03 48 45 4C 4C 4F 49 50 4C         		DB		"HELLOIPL"		;启动扇区的名字，可以是任意字符（必须8字节）
    11 00007C0B 0200                            		DW		512				;每个扇区大小（必须为512字节）
    12 00007C0D 01                              		DB		1				;簇的大小（必须为1个扇区）
    13 00007C0E 0001                            		DW		1				;FAT的起始位置（一般从第1个扇区开始）
    14 00007C10 02                              		DB		2				;FAT的个数（必须为2）
    15 00007C11 00E0                            		DW		224				;根目录的大小（一般设置成224项）
    16 00007C13 0B40                            		DW		2880			;该磁盘的大小（必须是2880扇区）
    17 00007C15 F0                              		DB		0xf0			;磁盘的种类（必须是0xf0）
    18 00007C16 0009                            		DW		9				;FAT的长度（必须是9扇区）
    19 00007C18 0012                            		DW		18				;1个磁道有几个扇区（必须是18）
    20 00007C1A 0002                            		DW		2				;磁头数（必须是2）
    21 00007C1C 00000000                        		DD		0				;是否使用分区（0表示否，必须是0）
    22 00007C20 00000B40                        		DD		2880			;重写一次磁盘大小
    23 00007C24 00 00 29                        		DB		0,0,0x29		;这三个字节意义不明，必须如此
    24 00007C27 FFFFFFFF                        		DD		0xffffffff		;可能是卷标号码
    25 00007C2B 48 45 4C 4C 4F 2D 4F 53 20 20   		DB		"HELLO-OS   "	;磁盘名称（11字节任意字符）
       00007C35 20 
    26 00007C36 46 41 54 31 32 20 20 20         		DB		"FAT12   "		;磁盘格式名称（8字节）
    27 00007C3E 00 00 00 00 00 00 00 00 00 00   		RESB	18				;空出18字节（这18个字节会用0填充）						
       00007C48 00 00 00 00 00 00 00 00 
    28 00007C50                                 	
    29 00007C50                                 ;程序主体
    30 00007C50                                 
    31 00007C50                                 entry:
    32 00007C50 B8 0000                         		MOV		AX,0			; 初始化寄存器
    33 00007C53 8E D0                           		MOV		SS,AX
    34 00007C55 BC 7C00                         		MOV		SP,0x7c00
    35 00007C58 8E D8                           		MOV		DS,AX
    36 00007C5A 8E C0                           		MOV		ES,AX
    37 00007C5C                                 
    38 00007C5C BE 7C74                         		MOV		SI,msg		
    39 00007C5F                                 putloop:
    40 00007C5F 8A 04                           		MOV		AL,[SI]			;要显示的文字
    41 00007C61 83 C6 01                        		ADD		SI,1			; SI里的值自增
    42 00007C64 3C 00                           		CMP		AL,0
    43 00007C66 74 09                           		JE		fin
    44 00007C68 B4 0E                           		MOV		AH,0x0e			; INT 0x10显示文字设置
    45 00007C6A BB 000F                         		MOV		BX,15			; 指定字符颜色（0-255）
    46 00007C6D CD 10                           		INT		0x10			; 调用显卡BIOS
    47 00007C6F EB EE                           		JMP		putloop
    48 00007C71                                 fin:
    49 00007C71 F4                              		HLT						; 让CPU停止，等待指令
    50 00007C72 EB FD                           		JMP		fin				; 无限循环
    51 00007C74                                 
    52 00007C74                                 msg:
    53 00007C74 0A 0A                           		DB		0x0a, 0x0a		; 2个换行
    54 00007C76 68 65 6C 6C 6F 2C 20 77 6F 72   		DB		"hello, world"
       00007C80 6C 64 
    55 00007C82 0A                              		DB		0x0a			; 换行
    56 00007C83 00                              		DB		0
    57 00007C84                                 		
    58 00007C84 00 00 00 00 00 00 00 00 00 00   		RESB	0x7dfe-$		; 补0到0x7dfe
       00007C8E 00 00 00 00 00 00 00 00 00 00 
       00007C98 00 00 00 00 00 00 00 00 00 00 
       00007CA2 00 00 00 00 00 00 00 00 00 00 
       00007CAC 00 00 00 00 00 00 00 00 00 00 
       00007CB6 00 00 00 00 00 00 00 00 00 00 
       00007CC0 00 00 00 00 00 00 00 00 00 00 
       00007CCA 00 00 00 00 00 00 00 00 00 00 
       00007CD4 00 00 00 00 00 00 00 00 00 00 
       00007CDE 00 00 00 00 00 00 00 00 00 00 
       00007CE8 00 00 00 00 00 00 00 00 00 00 
       00007CF2 00 00 00 00 00 00 00 00 00 00 
       00007CFC 00 00 00 00 00 00 00 00 00 00 
       00007D06 00 00 00 00 00 00 00 00 00 00 
       00007D10 00 00 00 00 00 00 00 00 00 00 
       00007D1A 00 00 00 00 00 00 00 00 00 00 
       00007D24 00 00 00 00 00 00 00 00 00 00 
       00007D2E 00 00 00 00 00 00 00 00 00 00 
       00007D38 00 00 00 00 00 00 00 00 00 00 
       00007D42 00 00 00 00 00 00 00 00 00 00 
       00007D4C 00 00 00 00 00 00 00 00 00 00 
       00007D56 00 00 00 00 00 00 00 00 00 00 
       00007D60 00 00 00 00 00 00 00 00 00 00 
       00007D6A 00 00 00 00 00 00 00 00 00 00 
       00007D74 00 00 00 00 00 00 00 00 00 00 
       00007D7E 00 00 00 00 00 00 00 00 00 00 
       00007D88 00 00 00 00 00 00 00 00 00 00 
       00007D92 00 00 00 00 00 00 00 00 00 00 
       00007D9C 00 00 00 00 00 00 00 00 00 00 
       00007DA6 00 00 00 00 00 00 00 00 00 00 
       00007DB0 00 00 00 00 00 00 00 00 00 00 
       00007DBA 00 00 00 00 00 00 00 00 00 00 
       00007DC4 00 00 00 00 00 00 00 00 00 00 
       00007DCE 00 00 00 00 00 00 00 00 00 00 
       00007DD8 00 00 00 00 00 00 00 00 00 00 
       00007DE2 00 00 00 00 00 00 00 00 00 00 
       00007DEC 00 00 00 00 00 00 00 00 00 00 
       00007DF6 00 00 00 00 00 00 00 00 
    59 00007DFE                                 
    60 00007DFE 55 AA                           		DB		0x55, 0xaa		;启动扇区结尾标志
    61 00007E00                                 		